Arguments: 
  /usr/bin/node /usr/bin/yarn

PATH: 
  /home/elton/.zinit/polaris/bin:/usr/local/sbin:/usr/local/bin:/usr/sbin:/usr/bin:/sbin:/bin:/usr/games:/usr/local/games:/snap/bin

Yarn version: 
  1.22.4

Node version: 
  12.17.0

Platform: 
  linux x64

Trace: 
  SyntaxError: /media/elton/Shared1/ProjetosPessoais/eco/package.json: Unexpected token } in JSON at position 990
      at JSON.parse (<anonymous>)
      at /usr/lib/node_modules/yarn/lib/cli.js:1625:59
      at Generator.next (<anonymous>)
      at step (/usr/lib/node_modules/yarn/lib/cli.js:310:30)
      at /usr/lib/node_modules/yarn/lib/cli.js:321:13

npm manifest: 
  {
    "name": "eco",
    "version": "1.0.0",
    "description": "",
    "main": "index.js",
    "scripts": {
      "test": "echo \"Error: no test specified\" && exit 1"
    },
    "repository": {
      "type": "git",
      "url": "git+https://github.com/eltonmarques96/ecobr.git"
    },
    "keywords": [],
    "author": "",
    "license": "ISC",
    "bugs": {
      "url": "https://github.com/eltonmarques96/ecobr/issues"
    },
    "homepage": "https://github.com/eltonmarques96/ecobr#readme",
    "config": {
      "commitizen": {
        "path": "./node_modules/cz-conventional-changelog"
      }
    },
    "husky": {
      "hooks": {
        "commit-msg": "commitlint -E HUSKY_GIT_PARAMS",
        "prepare-commit-msg": "exec < /dev/tty && git cz --hook || true",
        "pre-commit": "lint-staged"
      }
    },
    "devDependencies": {
      "@commitlint/cli": "^8.3.4",
      "@commitlint/config-conventional": "^8.3.4",
      "commitizen": "^4.0.3",
      "cz-conventional-changelog": "3.0.2",
      "husky": "^4.0.3",
      "lint-staged": "^9.5.0",
    },
    "lint-staged": {
      "*.js": [
        "eslint --fix",
        "git add"
      ]
    }
  }

yarn manifest: 
  No manifest

Lockfile: 
  No lockfile
